
   Program: 
  1   FnDecl: 
         (return type) Type: void
  1      Identifier: foo
         (body) StmtBlock: 
  2         DeclStmt: 
  2            VarDecl: 
                  Type: int
  2               Identifier: i
  3         DeclStmt: 
  3            VarDecl: 
                  Type: int
  3               Identifier: i2
  5         AssignExpr: 
  5            VarExpr: 
  5               Identifier: i
  5            Operator: *=
  5            IntConstant: 2
  6         AssignExpr: 
  6            VarExpr: 
  6               Identifier: i
  6            Operator: *=
  6            VarExpr: 
  6               Identifier: i2
  8         AssignExpr: 
  8            VarExpr: 
  8               Identifier: i
  8            Operator: /=
  8            IntConstant: 3
  9         AssignExpr: 
  9            VarExpr: 
  9               Identifier: i
  9            Operator: /=
  9            VarExpr: 
  9               Identifier: i2
 11         AssignExpr: 
 11            VarExpr: 
 11               Identifier: i
 11            Operator: +=
 11            IntConstant: 1
 12         AssignExpr: 
 12            VarExpr: 
 12               Identifier: i
 12            Operator: +=
 12            VarExpr: 
 12               Identifier: i2
 14         AssignExpr: 
 14            VarExpr: 
 14               Identifier: i
 14            Operator: -=
 14            IntConstant: 1
 15         AssignExpr: 
 15            VarExpr: 
 15               Identifier: i
 15            Operator: -=
 15            VarExpr: 
 15               Identifier: i2
