
   Program: 
  1   FnDecl: 
         (return type) Type: void
  1      Identifier: foo
         (body) StmtBlock: 
  2         DeclStmt: 
  2            VarDecl: 
                  Type: int
  2               Identifier: i
  3         DeclStmt: 
  3            VarDecl: 
                  Type: int
  3               Identifier: i2
  5         PostfixExpr: 
  5            VarExpr: 
  5               Identifier: i
  5            Operator: ++
  6         PostfixExpr: 
  6            VarExpr: 
  6               Identifier: i
  6            Operator: --
