
   Program: 
  1   FnDecl: 
         (return type) Type: void
  1      Identifier: foo
         (body) StmtBlock: 
  2         DeclStmt: 
  2            VarDecl: 
                  Type: int
  2               Identifier: f
  3         DeclStmt: 
  3            VarDecl: 
                  Type: int
  3               Identifier: i2
  5         RelationalExpr: 
  5            VarExpr: 
  5               Identifier: f
  5            Operator: <
  5            IntConstant: 2
  6         RelationalExpr: 
  6            VarExpr: 
  6               Identifier: f
  6            Operator: <
  6            VarExpr: 
  6               Identifier: i2
  8         RelationalExpr: 
  8            VarExpr: 
  8               Identifier: f
  8            Operator: >
  8            IntConstant: 3
  9         RelationalExpr: 
  9            VarExpr: 
  9               Identifier: f
  9            Operator: >
  9            VarExpr: 
  9               Identifier: i2
 11         RelationalExpr: 
 11            VarExpr: 
 11               Identifier: f
 11            Operator: <=
 11            IntConstant: 1
 12         RelationalExpr: 
 12            VarExpr: 
 12               Identifier: f
 12            Operator: <=
 12            VarExpr: 
 12               Identifier: i2
 14         RelationalExpr: 
 14            VarExpr: 
 14               Identifier: f
 14            Operator: >=
 14            IntConstant: 1
 15         RelationalExpr: 
 15            VarExpr: 
 15               Identifier: f
 15            Operator: >=
 15            VarExpr: 
 15               Identifier: i2
