int          line 1 cols 1-3 is T_Int 
i            line 1 cols 5-5 is T_Identifier 
;            line 1 cols 6-6 is T_Semicolon 
int          line 3 cols 1-3 is T_Int 
main         line 3 cols 5-8 is T_Identifier 
(            line 3 cols 9-9 is T_LeftParen 
)            line 3 cols 10-10 is T_RightParen 
{            line 4 cols 1-1 is T_LeftBrace 
boolean      line 5 cols 2-8 is T_Bool 
b            line 5 cols 10-10 is T_Identifier 
=            line 5 cols 12-12 is T_Equal 
4            line 5 cols 14-14 is T_IntConstant (value = 4)
;            line 5 cols 15-15 is T_Semicolon 
if           line 6 cols 2-3 is T_If 
(            line 6 cols 5-5 is T_LeftParen 
1            line 6 cols 6-6 is T_IntConstant (value = 1)
*            line 6 cols 8-8 is T_Star 
true         line 6 cols 10-13 is T_BoolConstant (value = true)
)            line 6 cols 14-14 is T_RightParen 
{            line 6 cols 16-16 is T_LeftBrace 
b            line 7 cols 9-9 is T_Identifier 
+            line 7 cols 11-11 is T_Plus 
4            line 7 cols 13-13 is T_IntConstant (value = 4)
;            line 7 cols 14-14 is T_Semicolon 
}            line 8 cols 2-2 is T_RightBrace 
}            line 10 cols 1-1 is T_RightBrace 
