void         line 1 cols 1-4 is T_Void 
foo          line 1 cols 6-8 is T_Identifier 
(            line 1 cols 9-9 is T_LeftParen 
)            line 1 cols 10-10 is T_RightParen 
;            line 1 cols 11-11 is T_Semicolon 
int          line 2 cols 1-3 is T_Int 
bar          line 2 cols 5-7 is T_Identifier 
(            line 2 cols 8-8 is T_LeftParen 
int          line 2 cols 9-11 is T_Int 
i            line 2 cols 13-13 is T_Identifier 
)            line 2 cols 14-14 is T_RightParen 
;            line 2 cols 15-15 is T_Semicolon 
boolean      line 3 cols 1-7 is T_Bool 
baz          line 3 cols 9-11 is T_Identifier 
(            line 3 cols 12-12 is T_LeftParen 
int          line 3 cols 13-15 is T_Int 
i            line 3 cols 17-17 is T_Identifier 
,            line 3 cols 18-18 is T_Comma 
boolean      line 3 cols 20-26 is T_Bool 
b            line 3 cols 28-28 is T_Identifier 
)            line 3 cols 29-29 is T_RightParen 
;            line 3 cols 30-30 is T_Semicolon 
