void         line 1 cols 1-4 is T_Void 
foo          line 1 cols 6-8 is T_Identifier 
(            line 1 cols 9-9 is T_LeftParen 
)            line 1 cols 10-10 is T_RightParen 
{            line 1 cols 12-12 is T_LeftBrace 
int          line 2 cols 3-5 is T_Int 
i            line 2 cols 7-7 is T_Identifier 
;            line 2 cols 8-8 is T_Semicolon 
boolean      line 3 cols 3-9 is T_Bool 
b            line 3 cols 11-11 is T_Identifier 
;            line 3 cols 12-12 is T_Semicolon 
}            line 4 cols 1-1 is T_RightBrace 
void         line 6 cols 1-4 is T_Void 
foo2         line 6 cols 6-9 is T_Identifier 
(            line 6 cols 10-10 is T_LeftParen 
int          line 6 cols 11-13 is T_Int 
param1       line 6 cols 15-20 is T_Identifier 
)            line 6 cols 21-21 is T_RightParen 
{            line 6 cols 23-23 is T_LeftBrace 
int          line 7 cols 3-5 is T_Int 
i            line 7 cols 7-7 is T_Identifier 
;            line 7 cols 8-8 is T_Semicolon 
boolean      line 8 cols 3-9 is T_Bool 
b            line 8 cols 11-11 is T_Identifier 
;            line 8 cols 12-12 is T_Semicolon 
}            line 9 cols 1-1 is T_RightBrace 
void         line 11 cols 1-4 is T_Void 
foo3         line 11 cols 6-9 is T_Identifier 
(            line 11 cols 10-10 is T_LeftParen 
int          line 11 cols 11-13 is T_Int 
param1       line 11 cols 15-20 is T_Identifier 
,            line 11 cols 21-21 is T_Comma 
int          line 11 cols 23-25 is T_Int 
param2       line 11 cols 27-32 is T_Identifier 
)            line 11 cols 33-33 is T_RightParen 
{            line 11 cols 35-35 is T_LeftBrace 
int          line 12 cols 3-5 is T_Int 
i            line 12 cols 7-7 is T_Identifier 
;            line 12 cols 8-8 is T_Semicolon 
boolean      line 13 cols 3-9 is T_Bool 
b            line 13 cols 11-11 is T_Identifier 
;            line 13 cols 12-12 is T_Semicolon 
}            line 14 cols 1-1 is T_RightBrace 
